<?xml version="1.0" encoding="UTF-8"?>
<!-- Generated by org.testng.reporters.JUnitXMLReporter -->
<testsuite ignored="0" hostname="GXNB-PF2ZKZ58" failures="0" tests="1" name="project1" time="1.852" errors="0" timestamp="2023-06-21T17:48:49 IST">
  <testcase classname="quikr.Quick" name="@BeforeTest file" time="1.795">
    <failure type="org.openqa.selenium.remote.http.ConnectionFailedException" message="Unable to establish websocket connection to http://localhost:50005/devtools/browser/25453634-8330-43e7-8c01-6b3f3a79a4e7
Build info: version: &amp;apos;4.4.0&amp;apos;, revision: &amp;apos;e5c75ed026a&amp;apos;
System info: host: &amp;apos;GXNB-PF2ZKZ58&amp;apos;, ip: &amp;apos;172.30.218.155&amp;apos;, os.name: &amp;apos;Windows 11&amp;apos;, os.arch: &amp;apos;amd64&amp;apos;, os.version: &amp;apos;10.0&amp;apos;, java.version: &amp;apos;19.0.1&amp;apos;
Driver info: driver.version: ChromeDriver">
      <![CDATA[org.openqa.selenium.remote.http.ConnectionFailedException: Unable to establish websocket connection to http://localhost:50005/devtools/browser/25453634-8330-43e7-8c01-6b3f3a79a4e7
Build info: version: '4.4.0', revision: 'e5c75ed026a'
System info: host: 'GXNB-PF2ZKZ58', ip: '172.30.218.155', os.name: 'Windows 11', os.arch: 'amd64', os.version: '10.0', java.version: '19.0.1'
Driver info: driver.version: ChromeDriver
at org.openqa.selenium.remote.http.netty.NettyWebSocket.<init>(NettyWebSocket.java:102)
at org.openqa.selenium.remote.http.netty.NettyWebSocket.lambda$create$3(NettyWebSocket.java:128)
at org.openqa.selenium.remote.http.netty.NettyClient.openSocket(NettyClient.java:106)
at org.openqa.selenium.devtools.Connection.<init>(Connection.java:77)
at org.openqa.selenium.chromium.ChromiumDriver.lambda$new$2(ChromiumDriver.java:116)
at java.base/java.util.Optional.map(Optional.java:260)
at org.openqa.selenium.chromium.ChromiumDriver.<init>(ChromiumDriver.java:114)
at org.openqa.selenium.chrome.ChromeDriver.<init>(ChromeDriver.java:81)
at org.openqa.selenium.chrome.ChromeDriver.<init>(ChromeDriver.java:70)
at quikr.Quick.file(Quick.java:31)
... Removed 22 stack frames]]>
    </failure>
  </testcase> <!-- @BeforeTest file -->
  <testcase classname="quikr.Quick" name="@AfterTest close" time="0.0">
    <skipped/>
  </testcase> <!-- @AfterTest close -->
  <testcase classname="quikr.Quick" name="test" time="0.0">
    <skipped/>
  </testcase> <!-- test -->
</testsuite> <!-- project1 -->
